<?xml version="1.0" encoding="utf-8" ?>
<!DOCTYPE html PUBLIC "-//W3C//DTD XHTML 1.0 Strict//EN"
        "http://www.w3.org/TR/xhtml1/DTD/xhtml1-strict.dtd">
<html xmlns="http://www.w3.org/1999/xhtml" xml:lang="" lang="">
<head>
  <title>Test Results Report - Login Test</title>
  <meta http-equiv="Content-Type" content="text/html;charset=utf-8" />
  <meta name="description" content="TestNG unit test results." />
  <link href="reportng.css" rel="stylesheet" type="text/css" />
    <script type="text/javascript" src="reportng.js"></script>
</head>
<body>
<h1>Login Test</h1>
<p>
  Test duration: 97.720s
</p>



  <table class="resultsTable">
    <tr><th colspan="3" class="header failed">Failed Tests</th></tr>
          <tr>
        <td colspan="3" class="group">uk.co.expedia.testsuite.FlightsTest</td>
      </tr>
            
<tr>
  <td class="method">
                  verifySearchFlightIsNotAvailable
      </td>
  <td class="duration">
    7.613s
  </td>
  <td class="result">
        
    
            <div class="testOutput">
                        Clicking on flights tab : By.xpath: //button[@id='tab-flight-tab-hp']//span[@class='uitk-icon uitk-icon-flights']<br>
                                Entering flying from : London (LHR-Heathrow) On flying from field : By.id: flight-origin-hp-flight<br>
                                Entering going to : Mumbai (BOM-Chhatrapati Shivaji Intl.) On going to field : By.id: flight-destination-hp-flight<br>
                                Entering departing date : 25/04/2020 On departing date field : By.id: flight-departing-hp-flight<br>
                                Entering returning date : 23/05/2020 On returning date field : By.id: flight-returning-hp-flight<br>
                                Clicking on search button : By.xpath: //*[@id="gcw-flights-form-hp-flight"]/div[9]/label/button<br>
                                Getting text from : By.xpath: //*[@id="titleBar"]/h1/div/span[1]<br>
                                Click to see screenshot
                                <a target = "_blank" href=C:\way2automation\expedia-project/target/surefire-reports/html/verifySearchFlightIsNotAvailableThu_Apr_16_22_43_37_BST_2020.jpg>Screenshot</a>
                                <br>
                                <br>
                                <a target = "_blank" href=C:\way2automation\expedia-project/target/surefire-reports/html/verifySearchFlightIsNotAvailableThu_Apr_16_22_43_37_BST_2020.jpg><img src=C:\way2automation\expedia-project/target/surefire-reports/html/verifySearchFlightIsNotAvailableThu_Apr_16_22_43_37_BST_2020.jpg height=200 width=200></img></a>
                  </div>
    

        <a href="javascript:toggleElement('exception-0', 'block')" title="Click to expand/collapse"><b>java.lang.AssertionError: expected [Select your departure to Mumbai] but found [Select your departure to Mumbai1]</b></a><br />
    <div class="stackTrace" id="exception-0">
              org.testng.Assert.fail(Assert.java:96)<br />
              org.testng.Assert.failNotEquals(Assert.java:776)<br />
              org.testng.Assert.assertEqualsImpl(Assert.java:137)<br />
              org.testng.Assert.assertEquals(Assert.java:118)<br />
              org.testng.Assert.assertEquals(Assert.java:453)<br />
              org.testng.Assert.assertEquals(Assert.java:463)<br />
              uk.co.expedia.testsuite.FlightsTest.verifySearchFlightIsNotAvailable(FlightsTest.java:38)<br />
              sun.reflect.NativeMethodAccessorImpl.invoke0(Native Method)<br />
              sun.reflect.NativeMethodAccessorImpl.invoke(NativeMethodAccessorImpl.java:62)<br />
              sun.reflect.DelegatingMethodAccessorImpl.invoke(DelegatingMethodAccessorImpl.java:43)<br />
              java.lang.reflect.Method.invoke(Method.java:498)<br />
              org.testng.internal.MethodInvocationHelper.invokeMethod(MethodInvocationHelper.java:124)<br />
              org.testng.internal.Invoker.invokeMethod(Invoker.java:583)<br />
              org.testng.internal.Invoker.invokeTestMethod(Invoker.java:719)<br />
              org.testng.internal.Invoker.invokeTestMethods(Invoker.java:989)<br />
              org.testng.internal.TestMethodWorker.invokeTestMethods(TestMethodWorker.java:125)<br />
              org.testng.internal.TestMethodWorker.run(TestMethodWorker.java:109)<br />
              org.testng.TestRunner.privateRun(TestRunner.java:648)<br />
              org.testng.TestRunner.run(TestRunner.java:505)<br />
              org.testng.SuiteRunner.runTest(SuiteRunner.java:455)<br />
              org.testng.SuiteRunner.runSequentially(SuiteRunner.java:450)<br />
              org.testng.SuiteRunner.privateRun(SuiteRunner.java:415)<br />
              org.testng.SuiteRunner.run(SuiteRunner.java:364)<br />
              org.testng.SuiteRunnerWorker.runSuite(SuiteRunnerWorker.java:52)<br />
              org.testng.SuiteRunnerWorker.run(SuiteRunnerWorker.java:84)<br />
              org.testng.TestNG.runSuitesSequentially(TestNG.java:1208)<br />
              org.testng.TestNG.runSuitesLocally(TestNG.java:1137)<br />
              org.testng.TestNG.runSuites(TestNG.java:1049)<br />
              org.testng.TestNG.run(TestNG.java:1017)<br />
              com.intellij.rt.testng.IDEARemoteTestNG.run(IDEARemoteTestNG.java:66)<br />
              com.intellij.rt.testng.RemoteTestNGStarter.main(RemoteTestNGStarter.java:110)<br />
                </div>
      </td>
</tr>
          <tr>
        <td colspan="3" class="group">uk.co.expedia.testsuite.LoginTest</td>
      </tr>
            
<tr>
  <td class="method">
                  verifyErrorMessageIsWrong
      </td>
  <td class="duration">
    5.859s
  </td>
  <td class="result">
        
    
            <div class="testOutput">
                        Clicking on account menu : By.id: header-account-menu<br>
                                Clicking On SignIn Button : By.id: header-account-signin-button<br>
                                Entering email : abc@gmail.com On email address field : By.id: gss-signin-email<br>
                                Entering password : abc123 On password field : By.id: gss-signin-password<br>
                                Clicking on sign in button : By.id: gss-signin-submit<br>
                                Getting text from error message : By.id: gss-signin-incorrect-email-or-password<br>
                                Click to see screenshot
                                <a target = "_blank" href=C:\way2automation\expedia-project/target/surefire-reports/html/verifyErrorMessageIsWrongThu_Apr_16_22_44_23_BST_2020.jpg>Screenshot</a>
                                <br>
                                <br>
                                <a target = "_blank" href=C:\way2automation\expedia-project/target/surefire-reports/html/verifyErrorMessageIsWrongThu_Apr_16_22_44_23_BST_2020.jpg><img src=C:\way2automation\expedia-project/target/surefire-reports/html/verifyErrorMessageIsWrongThu_Apr_16_22_44_23_BST_2020.jpg height=200 width=200></img></a>
                  </div>
    

        <a href="javascript:toggleElement('exception-1', 'block')" title="Click to expand/collapse"><b>java.lang.AssertionError: expected [You may have entered an unknown email address or an incorrect password] but found [You may have entered an unknown email address or an incorrect password1]</b></a><br />
    <div class="stackTrace" id="exception-1">
              org.testng.Assert.fail(Assert.java:96)<br />
              org.testng.Assert.failNotEquals(Assert.java:776)<br />
              org.testng.Assert.assertEqualsImpl(Assert.java:137)<br />
              org.testng.Assert.assertEquals(Assert.java:118)<br />
              org.testng.Assert.assertEquals(Assert.java:453)<br />
              org.testng.Assert.assertEquals(Assert.java:463)<br />
              uk.co.expedia.testsuite.LoginTest.verifyErrorMessageIsWrong(LoginTest.java:40)<br />
              sun.reflect.NativeMethodAccessorImpl.invoke0(Native Method)<br />
              sun.reflect.NativeMethodAccessorImpl.invoke(NativeMethodAccessorImpl.java:62)<br />
              sun.reflect.DelegatingMethodAccessorImpl.invoke(DelegatingMethodAccessorImpl.java:43)<br />
              java.lang.reflect.Method.invoke(Method.java:498)<br />
              org.testng.internal.MethodInvocationHelper.invokeMethod(MethodInvocationHelper.java:124)<br />
              org.testng.internal.Invoker.invokeMethod(Invoker.java:583)<br />
              org.testng.internal.Invoker.invokeTestMethod(Invoker.java:719)<br />
              org.testng.internal.Invoker.invokeTestMethods(Invoker.java:989)<br />
              org.testng.internal.TestMethodWorker.invokeTestMethods(TestMethodWorker.java:125)<br />
              org.testng.internal.TestMethodWorker.run(TestMethodWorker.java:109)<br />
              org.testng.TestRunner.privateRun(TestRunner.java:648)<br />
              org.testng.TestRunner.run(TestRunner.java:505)<br />
              org.testng.SuiteRunner.runTest(SuiteRunner.java:455)<br />
              org.testng.SuiteRunner.runSequentially(SuiteRunner.java:450)<br />
              org.testng.SuiteRunner.privateRun(SuiteRunner.java:415)<br />
              org.testng.SuiteRunner.run(SuiteRunner.java:364)<br />
              org.testng.SuiteRunnerWorker.runSuite(SuiteRunnerWorker.java:52)<br />
              org.testng.SuiteRunnerWorker.run(SuiteRunnerWorker.java:84)<br />
              org.testng.TestNG.runSuitesSequentially(TestNG.java:1208)<br />
              org.testng.TestNG.runSuitesLocally(TestNG.java:1137)<br />
              org.testng.TestNG.runSuites(TestNG.java:1049)<br />
              org.testng.TestNG.run(TestNG.java:1017)<br />
              com.intellij.rt.testng.IDEARemoteTestNG.run(IDEARemoteTestNG.java:66)<br />
              com.intellij.rt.testng.RemoteTestNGStarter.main(RemoteTestNGStarter.java:110)<br />
                </div>
      </td>
</tr>
      </table>


  <table class="resultsTable">
    <tr><th colspan="3" class="header passed">Passed Tests</th></tr>
          <tr>
        <td colspan="3" class="group">uk.co.expedia.testsuite.FlightsTest</td>
      </tr>
            
<tr>
  <td class="method">
                  verifySearchFlight
      </td>
  <td class="duration">
    8.412s
  </td>
  <td class="result">
        
    
            <div class="testOutput">
                        Clicking on flights tab : By.xpath: //button[@id='tab-flight-tab-hp']//span[@class='uitk-icon uitk-icon-flights']<br>
                                Entering flying from : London (LHR-Heathrow) On flying from field : By.id: flight-origin-hp-flight<br>
                                Entering going to : Mumbai (BOM-Chhatrapati Shivaji Intl.) On going to field : By.id: flight-destination-hp-flight<br>
                                Entering departing date : 25/04/2020 On departing date field : By.id: flight-departing-hp-flight<br>
                                Entering returning date : 23/05/2020 On returning date field : By.id: flight-returning-hp-flight<br>
                                Clicking on search button : By.xpath: //*[@id="gcw-flights-form-hp-flight"]/div[9]/label/button<br>
                                Getting text from : By.xpath: //*[@id="titleBar"]/h1/div/span[1]<br>
                                Click to see screenshot
                                <a target = "_blank" href=C:\way2automation\expedia-project/target/surefire-reports/html/verifySearchFlightThu_Apr_16_22_43_10_BST_2020.jpg>Screenshot</a>
                                <br>
                                <br>
                                <a target = "_blank" href=C:\way2automation\expedia-project/target/surefire-reports/html/verifySearchFlightThu_Apr_16_22_43_10_BST_2020.jpg><img src=C:\way2automation\expedia-project/target/surefire-reports/html/verifySearchFlightThu_Apr_16_22_43_10_BST_2020.jpg height=200 width=200></img></a>
                  </div>
    

      </td>
</tr>
          <tr>
        <td colspan="3" class="group">uk.co.expedia.testsuite.LoginTest</td>
      </tr>
            
<tr>
  <td class="method">
                  verifyErrorMessage
      </td>
  <td class="duration">
    3.718s
  </td>
  <td class="result">
        
    
            <div class="testOutput">
                        Clicking on account menu : By.id: header-account-menu<br>
                                Clicking On SignIn Button : By.id: header-account-signin-button<br>
                                Entering email : abc@gmail.com On email address field : By.id: gss-signin-email<br>
                                Entering password : abc123 On password field : By.id: gss-signin-password<br>
                                Clicking on sign in button : By.id: gss-signin-submit<br>
                                Getting text from error message : By.id: gss-signin-incorrect-email-or-password<br>
                                Click to see screenshot
                                <a target = "_blank" href=C:\way2automation\expedia-project/target/surefire-reports/html/verifyErrorMessageThu_Apr_16_22_43_59_BST_2020.jpg>Screenshot</a>
                                <br>
                                <br>
                                <a target = "_blank" href=C:\way2automation\expedia-project/target/surefire-reports/html/verifyErrorMessageThu_Apr_16_22_43_59_BST_2020.jpg><img src=C:\way2automation\expedia-project/target/surefire-reports/html/verifyErrorMessageThu_Apr_16_22_43_59_BST_2020.jpg height=200 width=200></img></a>
                  </div>
    

      </td>
</tr>
      </table>
  
</body>
</html>
